<?xml version="1.0" encoding="UTF-8"?>
<robot generator="Robot 3.1 (Python 3.7.0 on win32)" generated="20181211 04:26:13.013" rpa="false">
<suite id="s1" name="KeywordT" source="C:\Users\Vishwa\PycharmProjects\Robot_Framework\TestCases\KeywordT.robot">
<test id="s1-t1" name="TC001 Browser Start">
<kw name="Open Browser" library="SeleniumLibrary">
<doc>Opens a new browser instance to the given ``url``.</doc>
<arguments>
<arg>${URL}</arg>
<arg>${Browser}</arg>
</arguments>
<msg timestamp="20181211 04:26:13.935" level="INFO">Opening browser 'Chrome' to base url 'http://www.gmail.com'.</msg>
<status status="PASS" starttime="20181211 04:26:13.933" endtime="20181211 04:26:26.138"></status>
</kw>
<kw name="Maximize Browser Window" library="SeleniumLibrary">
<doc>Maximizes current browser window.</doc>
<status status="PASS" starttime="20181211 04:26:26.139" endtime="20181211 04:26:27.525"></status>
</kw>
<kw name="Enter value and close">
<arguments>
<arg>vishwanathmalakar</arg>
</arguments>
<kw name="Input Text" library="SeleniumLibrary">
<doc>Types the given ``text`` into text field identified by ``locator``.</doc>
<arguments>
<arg>name:identifier</arg>
<arg>${username}</arg>
</arguments>
<msg timestamp="20181211 04:26:27.537" level="INFO">Typing text 'vishwanathmalakar' into text field 'name:identifier'.</msg>
<status status="PASS" starttime="20181211 04:26:27.535" endtime="20181211 04:26:28.508"></status>
</kw>
<kw name="Close Browser" library="SeleniumLibrary">
<doc>Closes the current browser.</doc>
<status status="PASS" starttime="20181211 04:26:28.509" endtime="20181211 04:26:31.152"></status>
</kw>
<status status="PASS" starttime="20181211 04:26:27.534" endtime="20181211 04:26:31.153"></status>
</kw>
<status status="PASS" starttime="20181211 04:26:13.931" endtime="20181211 04:26:31.153" critical="yes"></status>
</test>
<test id="s1-t2" name="TC002 Browser Start keyword">
<kw name="Open Browser" library="SeleniumLibrary">
<doc>Opens a new browser instance to the given ``url``.</doc>
<arguments>
<arg>${URL}</arg>
<arg>${Browser}</arg>
</arguments>
<msg timestamp="20181211 04:26:31.158" level="INFO">Opening browser 'Chrome' to base url 'http://www.gmail.com'.</msg>
<status status="PASS" starttime="20181211 04:26:31.157" endtime="20181211 04:26:42.576"></status>
</kw>
<kw name="Maximize Browser Window" library="SeleniumLibrary">
<doc>Maximizes current browser window.</doc>
<status status="PASS" starttime="20181211 04:26:42.582" endtime="20181211 04:26:43.878"></status>
</kw>
<kw name="Enter value and close">
<arguments>
<arg>vmalakar</arg>
</arguments>
<kw name="Input Text" library="SeleniumLibrary">
<doc>Types the given ``text`` into text field identified by ``locator``.</doc>
<arguments>
<arg>name:identifier</arg>
<arg>${username}</arg>
</arguments>
<msg timestamp="20181211 04:26:43.886" level="INFO">Typing text 'vmalakar' into text field 'name:identifier'.</msg>
<status status="PASS" starttime="20181211 04:26:43.885" endtime="20181211 04:26:44.420"></status>
</kw>
<kw name="Close Browser" library="SeleniumLibrary">
<doc>Closes the current browser.</doc>
<status status="PASS" starttime="20181211 04:26:44.421" endtime="20181211 04:26:47.115"></status>
</kw>
<status status="PASS" starttime="20181211 04:26:43.883" endtime="20181211 04:26:47.116"></status>
</kw>
<status status="PASS" starttime="20181211 04:26:31.156" endtime="20181211 04:26:47.127" critical="yes"></status>
</test>
<test id="s1-t3" name="TC003 Browser Start resources">
<kw name="Open Browser" library="SeleniumLibrary">
<doc>Opens a new browser instance to the given ``url``.</doc>
<arguments>
<arg>${URL}</arg>
<arg>${Browser}</arg>
</arguments>
<msg timestamp="20181211 04:26:47.139" level="INFO">Opening browser 'Chrome' to base url 'http://www.gmail.com'.</msg>
<status status="PASS" starttime="20181211 04:26:47.138" endtime="20181211 04:26:57.970"></status>
</kw>
<kw name="Maximize Browser Window" library="SeleniumLibrary">
<doc>Maximizes current browser window.</doc>
<status status="PASS" starttime="20181211 04:26:57.974" endtime="20181211 04:26:59.127"></status>
</kw>
<kw name="Enter value">
<arguments>
<arg>vmalakar</arg>
</arguments>
<kw name="Input Text" library="SeleniumLibrary">
<doc>Types the given ``text`` into text field identified by ``locator``.</doc>
<arguments>
<arg>name:identifier</arg>
<arg>${username}</arg>
</arguments>
<msg timestamp="20181211 04:26:59.131" level="INFO">Typing text 'vmalakar' into text field 'name:identifier'.</msg>
<status status="PASS" starttime="20181211 04:26:59.130" endtime="20181211 04:26:59.541"></status>
</kw>
<status status="PASS" starttime="20181211 04:26:59.128" endtime="20181211 04:26:59.542"></status>
</kw>
<kw name="Close Res_Open_Broswer" library="res">
<kw name="Close Browser" library="SeleniumLibrary">
<doc>Closes the current browser.</doc>
<status status="PASS" starttime="20181211 04:26:59.544" endtime="20181211 04:27:02.084"></status>
</kw>
<status status="PASS" starttime="20181211 04:26:59.543" endtime="20181211 04:27:02.085"></status>
</kw>
<status status="PASS" starttime="20181211 04:26:47.135" endtime="20181211 04:27:02.085" critical="yes"></status>
</test>
<status status="PASS" starttime="20181211 04:26:13.018" endtime="20181211 04:27:02.089"></status>
</suite>
<statistics>
<total>
<stat pass="3" fail="0">Critical Tests</stat>
<stat pass="3" fail="0">All Tests</stat>
</total>
<tag>
</tag>
<suite>
<stat pass="3" fail="0" id="s1" name="KeywordT">KeywordT</stat>
</suite>
</statistics>
<errors>
<msg timestamp="20181211 04:26:13.920" level="ERROR">Error in file 'C:\Users\Vishwa\PycharmProjects\Robot_Framework\Resources\res.robot': Non-existing setting 'Resource ../Resources/res.robot'.</msg>
</errors>
</robot>
