<?xml version="1.0" encoding="UTF-8"?>
<robot generator="Robot 6.1.1 (Python 3.10.5 on win32)" generated="20230913 00:56:35.406" rpa="false" schemaversion="4">
<suite id="s1" name="Start browser" source="C:\Users\vishw\PycharmProjects\Robot_Framework\TestCAses\Start_browser.robot">
<test id="s1-t1" name="TC001 Browser Strat" line="10">
<kw name="Open Browser" library="SeleniumLibrary">
<arg>${URL}</arg>
<arg>${Browser}</arg>
<doc>Opens a new browser instance to the optional ``url``.</doc>
<msg timestamp="20230913 00:56:35.578" level="INFO">Opening browser 'Chrome' to base url 'http://www.gmail.com'.</msg>
<status status="PASS" starttime="20230913 00:56:35.578" endtime="20230913 00:56:42.237"/>
</kw>
<kw name="Close Browser" library="SeleniumLibrary">
<doc>Closes the current browser.</doc>
<status status="PASS" starttime="20230913 00:56:42.237" endtime="20230913 00:56:44.325"/>
</kw>
<status status="PASS" starttime="20230913 00:56:35.578" endtime="20230913 00:56:44.325"/>
</test>
<status status="PASS" starttime="20230913 00:56:35.406" endtime="20230913 00:56:44.325"/>
</suite>
<statistics>
<total>
<stat pass="1" fail="0" skip="0">All Tests</stat>
</total>
<tag>
</tag>
<suite>
<stat pass="1" fail="0" skip="0" id="s1" name="Start browser">Start browser</stat>
</suite>
</statistics>
<errors>
</errors>
</robot>
